0 info it worked if it ends with ok
1 verbose cli [ 'E:\\nodejs\\node.exe',
1 verbose cli   'E:\\nodejs\\node_modules\\npm\\bin\\npm-cli.js',
1 verbose cli   'start' ]
2 info using npm@3.8.6
3 info using node@v6.1.0
4 verbose run-script [ 'prestart', 'start', 'poststart' ]
5 info lifecycle cartoon-vote@1.0.0~prestart: cartoon-vote@1.0.0
6 silly lifecycle cartoon-vote@1.0.0~prestart: no script for prestart, continuing
7 info lifecycle cartoon-vote@1.0.0~start: cartoon-vote@1.0.0
8 verbose lifecycle cartoon-vote@1.0.0~start: unsafe-perm in lifecycle true
9 verbose lifecycle cartoon-vote@1.0.0~start: PATH: E:\nodejs\node_modules\npm\bin\node-gyp-bin;D:\cartoon-vote\node_modules\.bin;E:\nodejs;C:\Users\Administrator\.babun\cygwin\home\llan\ansible\bin;C:\Users\Administrator\.babun\cygwin\home\llan\.local\bin;C:\Users\Administrator\.babun\cygwin\usr\local\bin;C:\Users\Administrator\.babun\cygwin\usr\local\bin;C:\Users\Administrator\.babun\cygwin\bin;C:\Users\Administrator\.babun\cygwin\home\llan\.local\bin;E:\cmder_mini\vendor\conemu-maximus5;E:\cmder_mini\vendor\conemu-maximus5\ConEmu;C:\Windows\system32;C:\Windows;C:\Windows\System32\Wbem;C:\Windows\System32\WindowsPowerShell\v1.0;C:\HashiCorp\Vagrant\bin;E:\cmder_mini;C:\Program Files\Git\cmd;E:\MongoDB\Server\3.2\bin;C:\Users\Administrator\AppData\Roaming\npm\node_modules\express;D:\dev\mysql\bin;C:\Program Files (x86)\Windows Kits\8.1\Windows Performance Toolkit;C:\Program Files\Microsoft SQL Server\110\Tools\Binn;C:\Program Files (x86)\Microsoft SDKs\TypeScript\1.0;C:\Program Files\Microsoft SQL Server\120\Tools\Binn;E:\nodejs;C:\php;C:\ProgramData\ComposerSetup\bin;~\.composer\vendor\bin;C:\Users\Administrator\AppData\Roaming\npm;C:\Users\Administrator\.babun;C:\Users\Administrator\AppData\Roaming\Composer\vendor\bin
10 verbose lifecycle cartoon-vote@1.0.0~start: CWD: D:\cartoon-vote
11 silly lifecycle cartoon-vote@1.0.0~start: Args: [ '/d /s /c', 'node server.js' ]
12 silly lifecycle cartoon-vote@1.0.0~start: Returned: code: 1  signal: null
13 info lifecycle cartoon-vote@1.0.0~start: Failed to exec start script
14 verbose stack Error: cartoon-vote@1.0.0 start: `node server.js`
14 verbose stack Exit status 1
14 verbose stack     at EventEmitter.<anonymous> (E:\nodejs\node_modules\npm\lib\utils\lifecycle.js:239:16)
14 verbose stack     at emitTwo (events.js:106:13)
14 verbose stack     at EventEmitter.emit (events.js:191:7)
14 verbose stack     at ChildProcess.<anonymous> (E:\nodejs\node_modules\npm\lib\utils\spawn.js:24:14)
14 verbose stack     at emitTwo (events.js:106:13)
14 verbose stack     at ChildProcess.emit (events.js:191:7)
14 verbose stack     at maybeClose (internal/child_process.js:850:16)
14 verbose stack     at Process.ChildProcess._handle.onexit (internal/child_process.js:215:5)
15 verbose pkgid cartoon-vote@1.0.0
16 verbose cwd D:\cartoon-vote
17 error Windows_NT 10.0.10586
18 error argv "E:\\nodejs\\node.exe" "E:\\nodejs\\node_modules\\npm\\bin\\npm-cli.js" "start"
19 error node v6.1.0
20 error npm  v3.8.6
21 error code ELIFECYCLE
22 error cartoon-vote@1.0.0 start: `node server.js`
22 error Exit status 1
23 error Failed at the cartoon-vote@1.0.0 start script 'node server.js'.
23 error Make sure you have the latest version of node.js and npm installed.
23 error If you do, this is most likely a problem with the cartoon-vote package,
23 error not with npm itself.
23 error Tell the author that this fails on your system:
23 error     node server.js
23 error You can get information on how to open an issue for this project with:
23 error     npm bugs cartoon-vote
23 error Or if that isn't available, you can get their info via:
23 error     npm owner ls cartoon-vote
23 error There is likely additional logging output above.
24 verbose exit [ 1, true ]
